Using pre-set license
Built from '2020.3/staging' branch; Version is '2020.3.8f1 (507919d4fff5) revision 5273881'; Using compiler version '192528614'; Build Type 'Release'
OS: 'Windows 10 Pro; OS build 22000.376; Version 2009; 64bit' Language: 'en' Physical Memory: 16320 MB
BatchMode: 1, IsHumanControllingUs: 0, StartBugReporterOnCrash: 0, Is64bit: 1, IsPro: 0

 COMMAND LINE ARGUMENTS:
C:\Program Files\Unity\Hub\Editor\2020.3.8f1\Editor\Unity.exe
-adb2
-batchMode
-noUpm
-name
AssetImportWorker0
-projectPath
C:/Users/jacob/Gory Groceries/U_GoryGroceries_GameProject
-logFile
Logs/AssetImportWorker0.log
-srvPort
58729
Successfully changed project path to: C:/Users/jacob/Gory Groceries/U_GoryGroceries_GameProject
C:/Users/jacob/Gory Groceries/U_GoryGroceries_GameProject
Using Asset Import Pipeline V2.
Refreshing native plugins compatible for Editor in 47.51 ms, found 0 plugins.
Preloading 0 native plugins for Editor in 0.00 ms.
Initialize engine version: 2020.3.8f1 (507919d4fff5)
[Subsystems] Discovering subsystems at path C:/Program Files/Unity/Hub/Editor/2020.3.8f1/Editor/Data/Resources/UnitySubsystems
[Subsystems] Discovering subsystems at path C:/Users/jacob/Gory Groceries/U_GoryGroceries_GameProject/Assets
GfxDevice: creating device client; threaded=0
Direct3D:
    Version:  Direct3D 11.0 [level 11.1]
    Renderer: NVIDIA GeForce RTX 2060 (ID=0x1f08)
    Vendor:   
    VRAM:     5980 MB
    Driver:   30.0.14.9729
Shader 'Universal Render Pipeline/Particles/Lit': fallback shader 'Universal Render Pipeline/Particles/SimpleLit' not found
Initialize mono
Mono path[0] = 'C:/Program Files/Unity/Hub/Editor/2020.3.8f1/Editor/Data/Managed'
Mono path[1] = 'C:/Program Files/Unity/Hub/Editor/2020.3.8f1/Editor/Data/MonoBleedingEdge/lib/mono/unityjit'
Mono config path = 'C:/Program Files/Unity/Hub/Editor/2020.3.8f1/Editor/Data/MonoBleedingEdge/etc'
Using monoOptions --debugger-agent=transport=dt_socket,embedding=1,server=y,suspend=n,address=127.0.0.1:56032
Begin MonoManager ReloadAssembly
Registering precompiled unity dll's ...
Register platform support module: C:/Program Files/Unity/Hub/Editor/2020.3.8f1/Editor/Data/PlaybackEngines/MacStandaloneSupport/UnityEditor.OSXStandalone.Extensions.dll
Register platform support module: C:/Program Files/Unity/Hub/Editor/2020.3.8f1/Editor/Data/PlaybackEngines/WindowsStandaloneSupport/UnityEditor.WindowsStandalone.Extensions.dll
Registered in 0.002069 seconds.
Native extension for WindowsStandalone target not found
Native extension for OSXStandalone target not found
Refreshing native plugins compatible for Editor in 44.75 ms, found 0 plugins.
Preloading 0 native plugins for Editor in 0.00 ms.
Mono: successfully reloaded assembly
- Completed reload, in  3.742 seconds
Platform modules already initialized, skipping
Registering precompiled user dll's ...
Registered in 0.001392 seconds.
Begin MonoManager ReloadAssembly
Native extension for WindowsStandalone target not found
Native extension for OSXStandalone target not found
Refreshing native plugins compatible for Editor in 46.31 ms, found 0 plugins.
Preloading 0 native plugins for Editor in 0.00 ms.
Mono: successfully reloaded assembly
- Completed reload, in  0.891 seconds
Platform modules already initialized, skipping
========================================================================
Worker process is ready to serve import requests
Shader 'Universal Render Pipeline/Particles/Lit': fallback shader 'Universal Render Pipeline/Particles/SimpleLit' not found
Launched and connected shader compiler UnityShaderCompiler.exe after 0.06 seconds
Refreshing native plugins compatible for Editor in 0.50 ms, found 0 plugins.
Preloading 0 native plugins for Editor in 0.00 ms.
Unloading 2488 Unused Serialized files (Serialized files now loaded: 0)
System memory in use before: 194.6 MB.
System memory in use after: 194.2 MB.

Unloading 27 unused Assets to reduce memory usage. Loaded Objects now: 2922.
Total: 2.515800 ms (FindLiveObjects: 0.369500 ms CreateObjectMapping: 0.121000 ms MarkObjects: 1.743500 ms  DeleteObjects: 0.280500 ms)

========================================================================
Received Import Request.
  path: Assets/Scenes/Menus/Death Screen.unity
  artifactKey: Guid(2d6ebf55facd9f04aaf624b00b64673b) Importer(815301076,1909f56bfc062723c751e8b465ee728b)
Start importing Assets/Scenes/Menus/Death Screen.unity using Guid(2d6ebf55facd9f04aaf624b00b64673b) Importer(815301076,1909f56bfc062723c751e8b465ee728b)  -> (artifact id: '23f6da0cad8cbc43751664d92edc118c') in 0.930600 seconds
  Import took 0.949130 seconds .

========================================================================
Received Import Request.
  Time since last request: 8.561362 seconds.
  path: Assets/Sounds & Music/Gameplay/Menu/DeathSound.wav
  artifactKey: Guid(7d5cc54dc29dcb943aac698bf20ec708) Importer(815301076,1909f56bfc062723c751e8b465ee728b)
Start importing Assets/Sounds & Music/Gameplay/Menu/DeathSound.wav using Guid(7d5cc54dc29dcb943aac698bf20ec708) Importer(815301076,1909f56bfc062723c751e8b465ee728b)  -> (artifact id: '9b2b274ac9534d9596176355a6d968c7') in 0.358462 seconds
  Import took 0.407871 seconds .

========================================================================
Received Prepare
Registering precompiled user dll's ...
Registered in 0.001774 seconds.
Begin MonoManager ReloadAssembly
Native extension for WindowsStandalone target not found
Native extension for OSXStandalone target not found
Refreshing native plugins compatible for Editor in 0.38 ms, found 0 plugins.
Preloading 0 native plugins for Editor in 0.00 ms.
Mono: successfully reloaded assembly
- Completed reload, in  0.915 seconds
Platform modules already initialized, skipping
Shader 'Universal Render Pipeline/Particles/Lit': fallback shader 'Universal Render Pipeline/Particles/SimpleLit' not found
Refreshing native plugins compatible for Editor in 0.46 ms, found 0 plugins.
Preloading 0 native plugins for Editor in 0.00 ms.
Unloading 2383 Unused Serialized files (Serialized files now loaded: 0)
System memory in use before: 191.1 MB.
System memory in use after: 190.7 MB.

Unloading 22 unused Assets to reduce memory usage. Loaded Objects now: 2933.
Total: 2.170000 ms (FindLiveObjects: 0.213900 ms CreateObjectMapping: 0.082400 ms MarkObjects: 1.610500 ms  DeleteObjects: 0.262200 ms)

========================================================================
Received Prepare
Registering precompiled user dll's ...
Registered in 0.001283 seconds.
Begin MonoManager ReloadAssembly
Native extension for WindowsStandalone target not found
Native extension for OSXStandalone target not found
Refreshing native plugins compatible for Editor in 0.65 ms, found 0 plugins.
Preloading 0 native plugins for Editor in 0.00 ms.
Mono: successfully reloaded assembly
- Completed reload, in  0.908 seconds
Platform modules already initialized, skipping
Shader 'Universal Render Pipeline/Particles/Lit': fallback shader 'Universal Render Pipeline/Particles/SimpleLit' not found
Refreshing native plugins compatible for Editor in 0.46 ms, found 0 plugins.
Preloading 0 native plugins for Editor in 0.00 ms.
Unloading 2383 Unused Serialized files (Serialized files now loaded: 0)
System memory in use before: 191.1 MB.
System memory in use after: 190.7 MB.

Unloading 22 unused Assets to reduce memory usage. Loaded Objects now: 2935.
Total: 2.276000 ms (FindLiveObjects: 0.272300 ms CreateObjectMapping: 0.112800 ms MarkObjects: 1.622000 ms  DeleteObjects: 0.267600 ms)

========================================================================
Received Prepare
Registering precompiled user dll's ...
Registered in 0.001365 seconds.
Begin MonoManager ReloadAssembly
Native extension for WindowsStandalone target not found
Native extension for OSXStandalone target not found
Refreshing native plugins compatible for Editor in 0.54 ms, found 0 plugins.
Preloading 0 native plugins for Editor in 0.00 ms.
Mono: successfully reloaded assembly
- Completed reload, in  0.812 seconds
Platform modules already initialized, skipping
Shader 'Universal Render Pipeline/Particles/Lit': fallback shader 'Universal Render Pipeline/Particles/SimpleLit' not found
Refreshing native plugins compatible for Editor in 0.59 ms, found 0 plugins.
Preloading 0 native plugins for Editor in 0.00 ms.
Unloading 2383 Unused Serialized files (Serialized files now loaded: 0)
System memory in use before: 191.2 MB.
System memory in use after: 190.8 MB.

Unloading 22 unused Assets to reduce memory usage. Loaded Objects now: 2937.
Total: 2.547100 ms (FindLiveObjects: 0.277900 ms CreateObjectMapping: 0.117000 ms MarkObjects: 1.881100 ms  DeleteObjects: 0.270000 ms)

========================================================================
Received Prepare
Registering precompiled user dll's ...
Registered in 0.001354 seconds.
Begin MonoManager ReloadAssembly
Native extension for WindowsStandalone target not found
Native extension for OSXStandalone target not found
Refreshing native plugins compatible for Editor in 0.60 ms, found 0 plugins.
Preloading 0 native plugins for Editor in 0.00 ms.
Mono: successfully reloaded assembly
- Completed reload, in  0.818 seconds
Platform modules already initialized, skipping
Shader 'Universal Render Pipeline/Particles/Lit': fallback shader 'Universal Render Pipeline/Particles/SimpleLit' not found
Refreshing native plugins compatible for Editor in 0.40 ms, found 0 plugins.
Preloading 0 native plugins for Editor in 0.00 ms.
Unloading 2383 Unused Serialized files (Serialized files now loaded: 0)
System memory in use before: 191.2 MB.
System memory in use after: 190.8 MB.

Unloading 22 unused Assets to reduce memory usage. Loaded Objects now: 2939.
Total: 2.178300 ms (FindLiveObjects: 0.243100 ms CreateObjectMapping: 0.094500 ms MarkObjects: 1.524100 ms  DeleteObjects: 0.315600 ms)

========================================================================
Received Import Request.
  Time since last request: 957.912698 seconds.
  path: Assets/Scripts/4 - Enemies/EnemyManager.cs
  artifactKey: Guid(a98f35f6501ee2e49913c962034e25d4) Importer(815301076,1909f56bfc062723c751e8b465ee728b)
Start importing Assets/Scripts/4 - Enemies/EnemyManager.cs using Guid(a98f35f6501ee2e49913c962034e25d4) Importer(815301076,1909f56bfc062723c751e8b465ee728b)  -> (artifact id: 'a81ee496653ad12131e8b0fa07bf60ad') in 1.666107 seconds
  Import took 1.692208 seconds .

========================================================================
Received Import Request.
  Time since last request: 3950.590317 seconds.
  path: Assets/Scripts/1 - Player/HealthController.cs
  artifactKey: Guid(ed826f771ea89dc4bb9d998238893c9b) Importer(815301076,1909f56bfc062723c751e8b465ee728b)
Start importing Assets/Scripts/1 - Player/HealthController.cs using Guid(ed826f771ea89dc4bb9d998238893c9b) Importer(815301076,1909f56bfc062723c751e8b465ee728b)  -> (artifact id: 'fef4f26f088de6eab76807a5429ca8f7') in 0.026141 seconds
  Import took 0.336755 seconds .

========================================================================
Received Import Request.
  Time since last request: 4.549215 seconds.
  path: Assets/Scripts/1 - Player/PlayerMovement.cs
  artifactKey: Guid(58388cd2f7bc7ed45b25ad29d6ae09a1) Importer(815301076,1909f56bfc062723c751e8b465ee728b)
Start importing Assets/Scripts/1 - Player/PlayerMovement.cs using Guid(58388cd2f7bc7ed45b25ad29d6ae09a1) Importer(815301076,1909f56bfc062723c751e8b465ee728b)  -> (artifact id: '4b4a3b5321ddb5ca1f6203983ae024f3') in 0.022374 seconds
  Import took 0.046773 seconds .

========================================================================
Received Import Request.
  Time since last request: 502.098020 seconds.
  path: Assets/Scripts/4 - Enemies/Zombie/States/ChaseState.cs
  artifactKey: Guid(a74813e64cdd3cd49851df6f7d730d25) Importer(815301076,1909f56bfc062723c751e8b465ee728b)
Start importing Assets/Scripts/4 - Enemies/Zombie/States/ChaseState.cs using Guid(a74813e64cdd3cd49851df6f7d730d25) Importer(815301076,1909f56bfc062723c751e8b465ee728b)  -> (artifact id: '18b17f0469d751bcb2d33bd07095122c') in 0.010166 seconds
  Import took 0.032234 seconds .

========================================================================
Received Import Request.
  Time since last request: 0.023882 seconds.
  path: Assets/Scripts/4 - Enemies/Zombie/States/ChaseState.cs
  artifactKey: Guid(a74813e64cdd3cd49851df6f7d730d25) Importer(815301076,1909f56bfc062723c751e8b465ee728b)
Start importing Assets/Scripts/4 - Enemies/Zombie/States/ChaseState.cs using Guid(a74813e64cdd3cd49851df6f7d730d25) Importer(815301076,1909f56bfc062723c751e8b465ee728b)  -> (artifact id: '18b17f0469d751bcb2d33bd07095122c') in 0.004104 seconds
  Import took 0.007618 seconds .

